#
# There is insufficient memory for the Java Runtime Environment to continue.
# Native memory allocation (mmap) failed to map 130023424 bytes for G1 virtual space
# Possible reasons:
#   The system is out of physical RAM or swap space
#   The process is running with CompressedOops enabled, and the Java Heap may be blocking the growth of the native heap
# Possible solutions:
#   Reduce memory load on the system
#   Increase physical memory or swap space
#   Check if swap backing store is full
#   Decrease Java heap size (-Xmx/-Xms)
#   Decrease number of Java threads
#   Decrease Java thread stack sizes (-Xss)
#   Set larger code cache with -XX:ReservedCodeCacheSize=
#   JVM is running with Unscaled Compressed Oops mode in which the Java heap is
#     placed in the first 4GB address space. The Java Heap base address is the
#     maximum limit for the native heap growth. Please use -XX:HeapBaseMinAddress
#     to set the Java Heap base and to place the Java Heap above 4GB virtual address.
# This output file may be truncated or incomplete.
#
#  Out of Memory Error (os_windows.cpp:3825), pid=10860, tid=2156
#
# JRE version:  (17.0.10) (build )
# Java VM: OpenJDK 64-Bit Server VM (17.0.10+0--11572160, mixed mode, sharing, tiered, compressed oops, compressed class ptrs, g1 gc, windows-amd64)
# No core dump will be written. Minidumps are not enabled by default on client versions of Windows
#

---------------  S U M M A R Y ------------

Command Line: git4idea.http.GitAskPassApp Username for 'https://github.com': 

Host: Intel(R) Core(TM) i5-5300U CPU @ 2.30GHz, 4 cores, 7G,  Windows 10 , 64 bit Build 19041 (10.0.19041.3636)
Time: Tue Jun 25 16:13:55 2024 Pakistan Standard Time elapsed time: 0.024654 seconds (0d 0h 0m 0s)

---------------  T H R E A D  ---------------

Current thread (0x0000024239b3cde0):  JavaThread "Unknown thread" [_thread_in_vm, id=2156, stack(0x0000004fdec00000,0x0000004fded00000)]

Stack: [0x0000004fdec00000,0x0000004fded00000]
Native frames: (J=compiled Java code, j=interpreted, Vv=VM code, C=native code)
V  [jvm.dll+0x688e89]
V  [jvm.dll+0x84247a]
V  [jvm.dll+0x8440be]
V  [jvm.dll+0x844723]
V  [jvm.dll+0x24be0f]
V  [jvm.dll+0x685c59]
V  [jvm.dll+0x67a50a]
V  [jvm.dll+0x30cbab]
V  [jvm.dll+0x314056]
V  [jvm.dll+0x363dce]
V  [jvm.dll+0x363fff]
V  [jvm.dll+0x2e2978]
V  [jvm.dll+0x2e38e4]
V  [jvm.dll+0x813011]
V  [jvm.dll+0x371c81]
V  [jvm.dll+0x7f1b66]
V  [jvm.dll+0x3f58df]
V  [jvm.dll+0x3f7511]
C  [jli.dll+0x528f]
C  [ucrtbase.dll+0x21bb2]
C  [KERNEL32.DLL+0x17344]
C  [ntdll.dll+0x4cc91]


---------------  P R O C E S S  ---------------

Threads class SMR info:
_java_thread_list=0x00007ff85617ef58, length=0, elements={
}

Java Threads: ( => current thread )

Other Threads:
  0x0000024239bdc3f0 GCTaskThread "GC Thread#0" [stack: 0x0000004fded00000,0x0000004fdee00000] [id=4860]
  0x0000024239bed920 ConcurrentGCThread "G1 Main Marker" [stack: 0x0000004fdee00000,0x0000004fdef00000] [id=416]
  0x0000024239bee9f0 ConcurrentGCThread "G1 Conc#0" [stack: 0x0000004fdef00000,0x0000004fdf000000] [id=6044]

[error occurred during error reporting (printing all threads), id 0xc0000005, EXCEPTION_ACCESS_VIOLATION (0xc0000005) at pc=0x00007ff855933547]

VM state: not at safepoint (not fully initialized)

VM Mutex/Monitor currently owned by a thread:  ([mutex/lock_event])
[0x0000024239b81d90] Heap_lock - owner thread: 0x0000024239b3cde0

Heap address: 0x0000000084a00000, size: 1974 MB, Compressed Oops mode: 32-bit

CDS archive(s) mapped at: [0x0000000000000000-0x0000000000000000-0x0000000000000000), size 0, SharedBaseAddress: 0x0000000800000000, ArchiveRelocationMode: 1.
Narrow klass base: 0x0000000000000000, Narrow klass shift: 0, Narrow klass range: 0x0

GC Precious Log:
<Empty>

Heap:
 garbage-first heap   total 0K, used 0K [0x0000000084a00000, 0x0000000100000000)
  region size 1024K, 0 young (0K), 0 survivors (0K)
 Metaspace       used 0K, committed 0K, reserved 0K
  class space    used 0K, committed 0K, reserved 0K

Heap Regions: E=young(eden), S=young(survivor), O=old, HS=humongous(starts), HC=humongous(continues), CS=collection set, F=free, OA=open archive, CA=closed archive, TAMS=top-at-mark-start (previous, next)

Card table byte_map: [0x000002424e250000,0x000002424e630000] _byte_map_base: 0x000002424de2b000

Marking Bits (Prev, Next): (CMBitMap*) 0x0000024239bdd930, (CMBitMap*) 0x0000024239bdd970
 Prev Bits: [0x000002424ea10000, 0x00000242508e8000)
 Next Bits: [0x00000242508f0000, 0x00000242527c8000)

GC Heap History (0 events):
No events

Dll operation events (1 events):
Event: 0.016 Loaded shared library C:\Program Files\Android\Android Studio\jbr\bin\java.dll

Deoptimization events (0 events):
No events

Classes unloaded (0 events):
No events

Classes redefined (0 events):
No events

Internal exceptions (0 events):
No events

VM Operations (0 events):
No events

Events (0 events):
No events


Dynamic libraries:
0x00007ff6c4d70000 - 0x00007ff6c4d7a000 	C:\Program Files\Android\Android Studio\jbr\bin\java.exe
0x00007ff8a1330000 - 0x00007ff8a1528000 	C:\Windows\SYSTEM32\ntdll.dll
0x00007ff8a1110000 - 0x00007ff8a11cd000 	C:\Windows\System32\KERNEL32.DLL
0x00007ff89edc0000 - 0x00007ff89f0b6000 	C:\Windows\System32\KERNELBASE.dll
0x00007ff89eb80000 - 0x00007ff89ec80000 	C:\Windows\System32\ucrtbase.dll
0x00007ff85b580000 - 0x00007ff85b597000 	C:\Program Files\Android\Android Studio\jbr\bin\jli.dll
0x00007ff85c540000 - 0x00007ff85c55b000 	C:\Program Files\Android\Android Studio\jbr\bin\VCRUNTIME140.dll
0x00007ff8a0f60000 - 0x00007ff8a10ff000 	C:\Windows\System32\USER32.dll
0x00007ff89f340000 - 0x00007ff89f362000 	C:\Windows\System32\win32u.dll
0x00007ff897610000 - 0x00007ff8978aa000 	C:\Windows\WinSxS\amd64_microsoft.windows.common-controls_6595b64144ccf1df_6.0.19041.4355_none_60b8b9eb71f62e16\COMCTL32.dll
0x00007ff8a0bb0000 - 0x00007ff8a0bdb000 	C:\Windows\System32\GDI32.dll
0x00007ff8a0390000 - 0x00007ff8a042e000 	C:\Windows\System32\msvcrt.dll
0x00007ff89e9f0000 - 0x00007ff89eb07000 	C:\Windows\System32\gdi32full.dll
0x00007ff89f0f0000 - 0x00007ff89f18d000 	C:\Windows\System32\msvcp_win.dll
0x00007ff8a0b80000 - 0x00007ff8a0baf000 	C:\Windows\System32\IMM32.DLL
0x00007ff89a810000 - 0x00007ff89a81c000 	C:\Program Files\Android\Android Studio\jbr\bin\vcruntime140_1.dll
0x00007ff8822b0000 - 0x00007ff88233d000 	C:\Program Files\Android\Android Studio\jbr\bin\msvcp140.dll
0x00007ff855640000 - 0x00007ff8562c3000 	C:\Program Files\Android\Android Studio\jbr\bin\server\jvm.dll
0x00007ff8a11d0000 - 0x00007ff8a1280000 	C:\Windows\System32\ADVAPI32.dll
0x00007ff8a0270000 - 0x00007ff8a0310000 	C:\Windows\System32\sechost.dll
0x00007ff8a0140000 - 0x00007ff8a0263000 	C:\Windows\System32\RPCRT4.dll
0x00007ff89f0c0000 - 0x00007ff89f0e7000 	C:\Windows\System32\bcrypt.dll
0x00007ff89af50000 - 0x00007ff89af59000 	C:\Windows\SYSTEM32\WSOCK32.dll
0x00007ff89b660000 - 0x00007ff89b687000 	C:\Windows\SYSTEM32\WINMM.dll
0x00007ff89df70000 - 0x00007ff89dfbb000 	C:\Windows\SYSTEM32\POWRPROF.dll
0x00007ff8a1280000 - 0x00007ff8a12eb000 	C:\Windows\System32\WS2_32.dll
0x00007ff894780000 - 0x00007ff89478a000 	C:\Windows\SYSTEM32\VERSION.dll
0x00007ff89dde0000 - 0x00007ff89ddf2000 	C:\Windows\SYSTEM32\UMPDC.dll
0x00007ff89d230000 - 0x00007ff89d242000 	C:\Windows\SYSTEM32\kernel.appcore.dll
0x00007ff886300000 - 0x00007ff88630a000 	C:\Program Files\Android\Android Studio\jbr\bin\jimage.dll
0x00007ff898340000 - 0x00007ff898524000 	C:\Windows\SYSTEM32\DBGHELP.DLL
0x00007ff897f60000 - 0x00007ff897f94000 	C:\Windows\SYSTEM32\dbgcore.DLL
0x00007ff89ec80000 - 0x00007ff89ed02000 	C:\Windows\System32\bcryptPrimitives.dll
0x00007ff85b9e0000 - 0x00007ff85ba05000 	C:\Program Files\Android\Android Studio\jbr\bin\java.dll

dbghelp: loaded successfully - version: 4.0.5 - missing functions: none
symbol engine: initialized successfully - sym options: 0x614 - pdb path: .;C:\Program Files\Android\Android Studio\jbr\bin;C:\Windows\SYSTEM32;C:\Windows\WinSxS\amd64_microsoft.windows.common-controls_6595b64144ccf1df_6.0.19041.4355_none_60b8b9eb71f62e16;C:\Program Files\Android\Android Studio\jbr\bin\server

VM Arguments:
java_command: git4idea.http.GitAskPassApp Username for 'https://github.com': 
java_class_path (initial): C:/Program Files/Android/Android Studio/plugins/vcs-git/lib/git4idea-rt.jar;C:/Program Files/Android/Android Studio/lib/externalProcess-rt.jar
Launcher Type: SUN_STANDARD

[Global flags]
     intx CICompilerCount                          = 3                                         {product} {ergonomic}
     uint ConcGCThreads                            = 1                                         {product} {ergonomic}
     uint G1ConcRefinementThreads                  = 4                                         {product} {ergonomic}
   size_t G1HeapRegionSize                         = 1048576                                   {product} {ergonomic}
    uintx GCDrainStackTargetSize                   = 64                                        {product} {ergonomic}
   size_t InitialHeapSize                          = 130023424                                 {product} {ergonomic}
   size_t MarkStackSize                            = 4194304                                   {product} {ergonomic}
   size_t MaxHeapSize                              = 2069889024                                {product} {ergonomic}
   size_t MinHeapDeltaBytes                        = 1048576                                   {product} {ergonomic}
   size_t MinHeapSize                              = 8388608                                   {product} {ergonomic}
    uintx NonNMethodCodeHeapSize                   = 5832780                                {pd product} {ergonomic}
    uintx NonProfiledCodeHeapSize                  = 122912730                              {pd product} {ergonomic}
    uintx ProfiledCodeHeapSize                     = 122912730                              {pd product} {ergonomic}
    uintx ReservedCodeCacheSize                    = 251658240                              {pd product} {ergonomic}
     bool SegmentedCodeCache                       = true                                      {product} {ergonomic}
   size_t SoftMaxHeapSize                          = 2069889024                             {manageable} {ergonomic}
     bool UseCompressedClassPointers               = true                           {product lp64_product} {ergonomic}
     bool UseCompressedOops                        = true                           {product lp64_product} {ergonomic}
     bool UseG1GC                                  = true                                      {product} {ergonomic}
     bool UseLargePagesIndividualAllocation        = false                                  {pd product} {ergonomic}

Logging:
Log output configuration:
 #0: stdout all=warning uptime,level,tags
 #1: stderr all=off uptime,level,tags

Environment Variables:
PATH=C:\Program Files\Git\mingw64\libexec\git-core;C:\Program Files\Git\mingw64\libexec\git-core;C:\Program Files\Git\mingw64\bin;C:\Program Files\Git\usr\bin;C:\Users\muzam\bin;C:\Program Files\Common Files\Oracle\Java\javapath;C:\Windows\system32;C:\Windows;C:\Windows\System32\Wbem;C:\Windows\System32\WindowsPowerShell\v1.0;C:\Windows\System32\OpenSSH;C:\Program Files\nodejs;C:\Program Files\Git\cmd;C:\src\flutter\bin;C:\Users\muzam\AppData\Local\Microsoft\WindowsApps;C:\Program Files\Git\usr\bin;C:\Program Files\Java\jdk-21\bin;C:\Users\muzam\AppData\Roaming\npm;C:\Users\muzam\AppData\Local\Pub\Cache\bin
USERNAME=muzam
DISPLAY=:0.0
LC_ALL=en_US.UTF-8
TERM=xterm-256color
TMPDIR=C:\Users\muzam\AppData\Local\Temp
OS=Windows_NT
PROCESSOR_IDENTIFIER=Intel64 Family 6 Model 61 Stepping 4, GenuineIntel
TMP=C:\Users\muzam\AppData\Local\Temp
TEMP=C:\Users\muzam\AppData\Local\Temp



Periodic native trim disabled

JNI global refs:
JNI global refs: 0, weak refs: 0

JNI global refs memory usage: 0, weak refs: 0

OOME stack traces (most recent first):
Classloader memory used:


---------------  S Y S T E M  ---------------

OS:
 Windows 10 , 64 bit Build 19041 (10.0.19041.3636)
OS uptime: 12 days 12:28 hours

CPU: total 4 (initial active 4) (2 cores per cpu, 2 threads per core) family 6 model 61 stepping 4 microcode 0x2d, cx8, cmov, fxsr, ht, mmx, 3dnowpref, sse, sse2, sse3, ssse3, sse4.1, sse4.2, popcnt, lzcnt, tsc, tscinvbit, avx, avx2, aes, erms, clmul, bmi1, bmi2, rtm, adx, fma, vzeroupper, clflush
Processor Information for all 4 processors :
  Max Mhz: 2301, Current Mhz: 1300, Mhz Limit: 2277

Memory: 4k page, system-wide physical 7888M (310M free)
TotalPageFile size 17742M (AvailPageFile size 40M)
current process WorkingSet (physical memory assigned to process): 10M, peak: 10M
current process commit charge ("private bytes"): 52M, peak: 176M

vm_info: OpenJDK 64-Bit Server VM (17.0.10+0--11572160) for windows-amd64 JRE (17.0.10+0--11572160), built on Mar 13 2024 23:56:38 by "androidbuild" with MS VC++ 16.10 / 16.11 (VS2019)

END.
